<?xml version="1.0" encoding="UTF-8"?>
<testsuite xmlns:xsi="http://www.w3.org/2001/XMLSchema-instance" xsi:noNamespaceSchemaLocation="https://maven.apache.org/surefire/maven-surefire-plugin/xsd/surefire-test-report.xsd" version="3.0.2" name="br.edu.ifsp.biblioteca.BibliotecaApplicationTests" time="1.269" tests="1" errors="0" skipped="0" failures="0">
  <properties>
[...]
</properties>
  <testcase name="contextoSobe" classname="br.edu.ifsp.biblioteca.BibliotecaApplicationTests" time="0.43">
    <system-out><![CDATA[19:59:25.013 [main] INFO org.springframework.test.context.support.AnnotationConfigContextLoaderUtils -- Could not detect default configuration classes for test class [br.edu.ifsp.biblioteca.BibliotecaApplicationTests]: BibliotecaApplicationTests does not declare any static, non-private, non-final, nested classes annotated with @Configuration.
19:59:25.072 [main] INFO org.springframework.boot.test.context.SpringBootTestContextBootstrapper -- Found @SpringBootConfiguration br.edu.ifsp.biblioteca.BibliotecaApplication for test class br.edu.ifsp.biblioteca.BibliotecaApplicationTests

=== Biblioteca IFSP - v0 (tudo em memória) ===

-- Catálogo --
 Livro{id=1, isbn='9788508145607', titulo='Dom Casmurro', anoPublicacao=1899}
 Livro{id=2, isbn='9788508145603', titulo='Vidas Secas', anoPublicacao=1938}

-- Usuários --
 Usuario{id=1, nome='Ana Souza', email='ana@ifsp.edu.br'}
 Usuario{id=2, nome='Bruno Lima', email='bruno@ifsp.edu.br'}

-- Buscar por título contendo 'casmurro' --
 Livro{id=1, isbn='9788508145607', titulo='Dom Casmurro', anoPublicacao=1899}

-- Testando cadastrar o mesmo ISBN de novo --
 Regra de negócio impediu: Já existe um livro cadastrado com o ISBN: 9788508145603
]]></system-out>
    <system-err><![CDATA[Mockito is currently self-attaching to enable the inline-mock-maker. This will no longer work in future releases of the JDK. Please add Mockito as an agent to your build as described in Mockito's documentation: https://javadoc.io/doc/org.mockito/mockito-core/latest/org.mockito/org/mockito/Mockito.html#0.3
WARNING: A Java agent has been loaded dynamically (/home/estudante1/.m2/repository/net/bytebuddy/byte-buddy-agent/1.17.5/byte-buddy-agent-1.17.5.jar)
WARNING: If a serviceability tool is in use, please run with -XX:+EnableDynamicAgentLoading to hide this warning
WARNING: If a serviceability tool is not in use, please run with -Djdk.instrument.traceUsage for more information
WARNING: Dynamic loading of agents will be disallowed by default in a future release
]]></system-err>
  </testcase>
</testsuite>